2020-04-06 15:29:45,719 INFO o.a.j.u.JMeterUtils: Setting Locale to en_EN
2020-04-06 15:29:45,759 INFO o.a.j.JMeter: Loading user properties from: /Users/air/Desktop/apache-jmeter-5.2.1/bin/user.properties
2020-04-06 15:29:45,761 INFO o.a.j.JMeter: Loading system properties from: /Users/air/Desktop/apache-jmeter-5.2.1/bin/system.properties
2020-04-06 15:29:45,764 INFO o.a.j.JMeter: Copyright (c) 1998-2019 The Apache Software Foundation
2020-04-06 15:29:45,765 INFO o.a.j.JMeter: Version 5.2.1
2020-04-06 15:29:45,765 INFO o.a.j.JMeter: java.version=1.8.0_231
2020-04-06 15:29:45,765 INFO o.a.j.JMeter: java.vm.name=Java HotSpot(TM) 64-Bit Server VM
2020-04-06 15:29:45,765 INFO o.a.j.JMeter: os.name=Mac OS X
2020-04-06 15:29:45,765 INFO o.a.j.JMeter: os.arch=x86_64
2020-04-06 15:29:45,765 INFO o.a.j.JMeter: os.version=10.15.2
2020-04-06 15:29:45,765 INFO o.a.j.JMeter: file.encoding=UTF-8
2020-04-06 15:29:45,766 INFO o.a.j.JMeter: java.awt.headless=null
2020-04-06 15:29:45,766 INFO o.a.j.JMeter: Max memory     =1073741824
2020-04-06 15:29:45,766 INFO o.a.j.JMeter: Available Processors =4
2020-04-06 15:29:45,775 INFO o.a.j.JMeter: Default Locale=English (EN)
2020-04-06 15:29:45,776 INFO o.a.j.JMeter: JMeter  Locale=English (EN)
2020-04-06 15:29:45,776 INFO o.a.j.JMeter: JMeterHome=/Users/air/Desktop/apache-jmeter-5.2.1
2020-04-06 15:29:45,776 INFO o.a.j.JMeter: user.dir  =/Users/air/Desktop/study/learning_notes
2020-04-06 15:29:45,776 INFO o.a.j.JMeter: PWD       =/Users/air/Desktop/study/learning_notes
2020-04-06 15:29:45,779 INFO o.a.j.JMeter: IP: 127.0.0.1 Name: airdeMacBook-Air.local FullName: localhost
